<?xml version="1.0" encoding="UTF-8"?>
<!-- Generated by org.testng.reporters.JUnitXMLReporter -->
<testsuite ignored="0" hostname="DESKTOP-0D9MKVM" failures="0" tests="5" name="Default test" time="0.079" errors="0" timestamp="18 May 2019 13:30:53 GMT">
  <testcase classname="test" name="atest1" time="0.01"/>
  <testcase classname="test" name="atest1" time="0.002"/>
  <testcase classname="test" name="atest1" time="0.003"/>
  <testcase classname="test" name="Ztest" time="0.002"/>
  <testcase classname="test" name="ctest" time="0.002"/>
</testsuite> <!-- Default test -->
