<?xml version="1.0" encoding="UTF-8"?>
<testng-results ignored="0" total="5" passed="5" failed="0" skipped="0">
  <reporter-output>
  </reporter-output>
  <suite started-at="2019-05-18T13:30:53Z" name="Default suite" finished-at="2019-05-18T13:30:53Z" duration-ms="79">
    <groups>
    </groups>
    <test started-at="2019-05-18T13:30:53Z" name="Default test" finished-at="2019-05-18T13:30:53Z" duration-ms="79">
      <class name="test">
        <test-method is-config="true" signature="launch()[pri:0, instance:test@757277dc]" started-at="2019-05-18T13:30:53Z" name="launch" finished-at="2019-05-18T13:30:53Z" duration-ms="15" status="PASS">
          <reporter-output>
          </reporter-output>
        </test-method> <!-- launch -->
        <test-method is-config="true" signature="starttime()[pri:0, instance:test@757277dc]" started-at="2019-05-18T13:30:53Z" name="starttime" finished-at="2019-05-18T13:30:53Z" duration-ms="1" status="PASS">
          <reporter-output>
          </reporter-output>
        </test-method> <!-- starttime -->
        <test-method signature="atest1()[pri:0, instance:test@757277dc]" started-at="2019-05-18T13:30:53Z" name="atest1" finished-at="2019-05-18T13:30:53Z" duration-ms="10" status="PASS">
          <reporter-output>
          </reporter-output>
        </test-method> <!-- atest1 -->
        <test-method is-config="true" signature="Endtime()[pri:0, instance:test@757277dc]" started-at="2019-05-18T13:30:53Z" name="Endtime" finished-at="2019-05-18T13:30:53Z" duration-ms="0" status="PASS">
          <reporter-output>
          </reporter-output>
        </test-method> <!-- Endtime -->
        <test-method is-config="true" signature="starttime()[pri:0, instance:test@757277dc]" started-at="2019-05-18T13:30:53Z" name="starttime" finished-at="2019-05-18T13:30:53Z" duration-ms="0" status="PASS">
          <reporter-output>
          </reporter-output>
        </test-method> <!-- starttime -->
        <test-method signature="atest1()[pri:0, instance:test@757277dc]" started-at="2019-05-18T13:30:53Z" name="atest1" finished-at="2019-05-18T13:30:53Z" duration-ms="2" status="PASS">
          <reporter-output>
          </reporter-output>
        </test-method> <!-- atest1 -->
        <test-method is-config="true" signature="Endtime()[pri:0, instance:test@757277dc]" started-at="2019-05-18T13:30:53Z" name="Endtime" finished-at="2019-05-18T13:30:53Z" duration-ms="1" status="PASS">
          <reporter-output>
          </reporter-output>
        </test-method> <!-- Endtime -->
        <test-method is-config="true" signature="starttime()[pri:0, instance:test@757277dc]" started-at="2019-05-18T13:30:53Z" name="starttime" finished-at="2019-05-18T13:30:53Z" duration-ms="1" status="PASS">
          <reporter-output>
          </reporter-output>
        </test-method> <!-- starttime -->
        <test-method signature="atest1()[pri:0, instance:test@757277dc]" started-at="2019-05-18T13:30:53Z" name="atest1" finished-at="2019-05-18T13:30:53Z" duration-ms="3" status="PASS">
          <reporter-output>
          </reporter-output>
        </test-method> <!-- atest1 -->
        <test-method is-config="true" signature="Endtime()[pri:0, instance:test@757277dc]" started-at="2019-05-18T13:30:53Z" name="Endtime" finished-at="2019-05-18T13:30:53Z" duration-ms="1" status="PASS">
          <reporter-output>
          </reporter-output>
        </test-method> <!-- Endtime -->
        <test-method is-config="true" signature="starttime()[pri:0, instance:test@757277dc]" started-at="2019-05-18T13:30:53Z" name="starttime" finished-at="2019-05-18T13:30:53Z" duration-ms="0" status="PASS">
          <reporter-output>
          </reporter-output>
        </test-method> <!-- starttime -->
        <test-method signature="Ztest()[pri:2, instance:test@757277dc]" started-at="2019-05-18T13:30:53Z" name="Ztest" finished-at="2019-05-18T13:30:53Z" duration-ms="2" status="PASS">
          <reporter-output>
          </reporter-output>
        </test-method> <!-- Ztest -->
        <test-method is-config="true" signature="Endtime()[pri:0, instance:test@757277dc]" started-at="2019-05-18T13:30:53Z" name="Endtime" finished-at="2019-05-18T13:30:53Z" duration-ms="1" status="PASS">
          <reporter-output>
          </reporter-output>
        </test-method> <!-- Endtime -->
        <test-method is-config="true" signature="starttime()[pri:0, instance:test@757277dc]" started-at="2019-05-18T13:30:53Z" name="starttime" finished-at="2019-05-18T13:30:53Z" duration-ms="1" status="PASS">
          <reporter-output>
          </reporter-output>
        </test-method> <!-- starttime -->
        <test-method signature="ctest()[pri:3, instance:test@757277dc]" started-at="2019-05-18T13:30:53Z" name="ctest" finished-at="2019-05-18T13:30:53Z" duration-ms="2" status="PASS">
          <reporter-output>
          </reporter-output>
        </test-method> <!-- ctest -->
        <test-method is-config="true" signature="Endtime()[pri:0, instance:test@757277dc]" started-at="2019-05-18T13:30:53Z" name="Endtime" finished-at="2019-05-18T13:30:53Z" duration-ms="1" status="PASS">
          <reporter-output>
          </reporter-output>
        </test-method> <!-- Endtime -->
        <test-method is-config="true" signature="close()[pri:0, instance:test@757277dc]" started-at="2019-05-18T13:30:53Z" name="close" finished-at="2019-05-18T13:30:53Z" duration-ms="1" status="PASS">
          <reporter-output>
          </reporter-output>
        </test-method> <!-- close -->
      </class> <!-- test -->
    </test> <!-- Default test -->
  </suite> <!-- Default suite -->
</testng-results>
